# JRE version: Java(TM) SE Runtime Environment (8.0_65-b17) (build 1.8.0_65-b17)
# Java VM: Java HotSpot(TM) Client VM (25.65-b01 mixed mode linux-arm )
Heap:
 def new generation   total 48000K, used 44551K [0x65800000, 0x68c00000, 0x6a540000)
  eden space 42752K,  99% used [0x65800000, 0x681601b0, 0x681c0000)
  from space 5248K,  41% used [0x686e0000, 0x68901be0, 0x68c00000)
  to   space 5248K,  41% used [0x681c0000, 0x683dd968, 0x686e0000)
 tenured generation   total 106256K, used 104359K [0x6a540000, 0x70d04000, 0x74000000)
   the space 106256K,  98% used [0x6a540000, 0x70b29d40, 0x70b29e00, 0x70d04000)
 Metaspace       used 12253K, capacity 12447K, committed 12544K, reserved 12592K
GC Heap History (10 events):
Event: 124454.759 GC heap after
Heap after GC invocations=7760 (full 23):
 def new generation   total 48000K, used 2183K [0x65800000, 0x68c00000, 0x6a540000)
  eden space 42752K,   0% used [0x65800000, 0x65800000, 0x681c0000)
  from space 5248K,  41% used [0x686e0000, 0x68901c48, 0x68c00000)
  to   space 5248K,   0% used [0x681c0000, 0x681c0000, 0x686e0000)
 tenured generation   total 106256K, used 104348K [0x6a540000, 0x70d04000, 0x74000000)
   the space 106256K,  98% used [0x6a540000, 0x70b272d8, 0x70b27400, 0x70d04000)
 Metaspace       used 12253K, capacity 12447K, committed 12544K, reserved 12592K
}
Event: 124465.576 GC heap before
{Heap before GC invocations=7760 (full 23):
 def new generation   total 48000K, used 44786K [0x65800000, 0x68c00000, 0x6a540000)
  eden space 42752K,  99% used [0x65800000, 0x6819af58, 0x681c0000)
  from space 5248K,  41% used [0x686e0000, 0x68901c48, 0x68c00000)
  to   space 5248K,   0% used [0x681c0000, 0x681c0000, 0x686e0000)
 tenured generation   total 106256K, used 104348K [0x6a540000, 0x70d04000, 0x74000000)
   the space 106256K,  98% used [0x6a540000, 0x70b272d8, 0x70b27400, 0x70d04000)
 Metaspace       used 12253K, capacity 12447K, committed 12544K, reserved 12592K
Event: 124465.584 GC heap after
Heap after GC invocations=7761 (full 23):
 def new generation   total 48000K, used 2183K [0x65800000, 0x68c00000, 0x6a540000)
  eden space 42752K,   0% used [0x65800000, 0x65800000, 0x681c0000)
  from space 5248K,  41% used [0x681c0000, 0x683e1d70, 0x686e0000)
  to   space 5248K,   0% used [0x686e0000, 0x686e0000, 0x68c00000)
 tenured generation   total 106256K, used 104350K [0x6a540000, 0x70d04000, 0x74000000)
   the space 106256K,  98% used [0x6a540000, 0x70b27bc0, 0x70b27c00, 0x70d04000)
 Metaspace       used 12253K, capacity 12447K, committed 12544K, reserved 12592K
}
Event: 124476.391 GC heap before
{Heap before GC invocations=7761 (full 23):
 def new generation   total 48000K, used 44786K [0x65800000, 0x68c00000, 0x6a540000)
  eden space 42752K,  99% used [0x65800000, 0x6819abd8, 0x681c0000)
  from space 5248K,  41% used [0x681c0000, 0x683e1d70, 0x686e0000)
  to   space 5248K,   0% used [0x686e0000, 0x686e0000, 0x68c00000)
 tenured generation   total 106256K, used 104350K [0x6a540000, 0x70d04000, 0x74000000)
   the space 106256K,  98% used [0x6a540000, 0x70b27bc0, 0x70b27c00, 0x70d04000)
 Metaspace       used 12253K, capacity 12447K, committed 12544K, reserved 12592K
Event: 124476.399 GC heap after
Heap after GC invocations=7762 (full 23):
 def new generation   total 48000K, used 2183K [0x65800000, 0x68c00000, 0x6a540000)
  eden space 42752K,   0% used [0x65800000, 0x65800000, 0x681c0000)
  from space 5248K,  41% used [0x686e0000, 0x68901ec0, 0x68c00000)
  to   space 5248K,   0% used [0x681c0000, 0x681c0000, 0x686e0000)
 tenured generation   total 106256K, used 104353K [0x6a540000, 0x70d04000, 0x74000000)
   the space 106256K,  98% used [0x6a540000, 0x70b28430, 0x70b28600, 0x70d04000)
 Metaspace       used 12253K, capacity 12447K, committed 12544K, reserved 12592K
}
Event: 124487.211 GC heap before
{Heap before GC invocations=7762 (full 23):
 def new generation   total 48000K, used 44697K [0x65800000, 0x68c00000, 0x6a540000)
  eden space 42752K,  99% used [0x65800000, 0x68184638, 0x681c0000)
  from space 5248K,  41% used [0x686e0000, 0x68901ec0, 0x68c00000)
  to   space 5248K,   0% used [0x681c0000, 0x681c0000, 0x686e0000)
 tenured generation   total 106256K, used 104353K [0x6a540000, 0x70d04000, 0x74000000)
   the space 106256K,  98% used [0x6a540000, 0x70b28430, 0x70b28600, 0x70d04000)
 Metaspace       used 12253K, capacity 12447K, committed 12544K, reserved 12592K
Event: 124487.220 GC heap after
Heap after GC invocations=7763 (full 23):
 def new generation   total 48000K, used 2183K [0x65800000, 0x68c00000, 0x6a540000)
  eden space 42752K,   0% used [0x65800000, 0x65800000, 0x681c0000)
  from space 5248K,  41% used [0x681c0000, 0x683e1f70, 0x686e0000)
  to   space 5248K,   0% used [0x686e0000, 0x686e0000, 0x68c00000)
 tenured generation   total 106256K, used 104355K [0x6a540000, 0x70d04000, 0x74000000)
   the space 106256K,  98% used [0x6a540000, 0x70b28d18, 0x70b28e00, 0x70d04000)
 Metaspace       used 12253K, capacity 12447K, committed 12544K, reserved 12592K
}
Event: 124493.219 GC heap before
{Heap before GC invocations=7763 (full 23):
 def new generation   total 48000K, used 23677K [0x65800000, 0x68c00000, 0x6a540000)
  eden space 42752K,  50% used [0x65800000, 0x66cfd7d8, 0x681c0000)
  from space 5248K,  41% used [0x681c0000, 0x683e1f70, 0x686e0000)
  to   space 5248K,   0% used [0x686e0000, 0x686e0000, 0x68c00000)
 tenured generation   total 106256K, used 104355K [0x6a540000, 0x70d04000, 0x74000000)
   the space 106256K,  98% used [0x6a540000, 0x70b28d18, 0x70b28e00, 0x70d04000)
 Metaspace       used 12253K, capacity 12447K, committed 12544K, reserved 12592K
Event: 124493.228 GC heap after
Heap after GC invocations=7764 (full 23):
 def new generation   total 48000K, used 2182K [0x65800000, 0x68c00000, 0x6a540000)
  eden space 42752K,   0% used [0x65800000, 0x65800000, 0x681c0000)
  from space 5248K,  41% used [0x686e0000, 0x68901be0, 0x68c00000)
  to   space 5248K,   0% used [0x681c0000, 0x681c0000, 0x686e0000)
 tenured generation   total 106256K, used 104357K [0x6a540000, 0x70d04000, 0x74000000)
   the space 106256K,  98% used [0x6a540000, 0x70b29588, 0x70b29600, 0x70d04000)
 Metaspace       used 12253K, capacity 12447K, committed 12544K, reserved 12592K
}
Event: 124493.319 GC heap before
{Heap before GC invocations=7764 (full 23):
 def new generation   total 48000K, used 44551K [0x65800000, 0x68c00000, 0x6a540000)
  eden space 42752K,  99% used [0x65800000, 0x681601b0, 0x681c0000)
  from space 5248K,  41% used [0x686e0000, 0x68901be0, 0x68c00000)
  to   space 5248K,   0% used [0x681c0000, 0x681c0000, 0x686e0000)
 tenured generation   total 106256K, used 104357K [0x6a540000, 0x70d04000, 0x74000000)
   the space 106256K,  98% used [0x6a540000, 0x70b29588, 0x70b29600, 0x70d04000)
 Metaspace       used 12253K, capacity 12447K, committed 12544K, reserved 12592K

